<?xml version="1.0" encoding="UTF-8"?>
<testng-results ignored="0" total="3" passed="3" failed="0" skipped="0">
  <reporter-output>
  </reporter-output>
  <suite started-at="2025-10-20T17:14:38 IST" name="Default Suite" finished-at="2025-10-20T17:14:38 IST" duration-ms="56">
    <groups>
    </groups>
    <test started-at="2025-10-20T17:14:38 IST" name="MyMavenProject" finished-at="2025-10-20T17:14:38 IST" duration-ms="56">
      <class name="TestCases">
        <test-method signature="setup()[pri:0, instance:TestCases@15c43bd9]" started-at="2025-10-20T17:14:38 IST" name="setup" finished-at="2025-10-20T17:14:38 IST" duration-ms="5" status="PASS">
          <reporter-output>
          </reporter-output>
        </test-method> <!-- setup -->
        <test-method signature="testSteps()[pri:1, instance:TestCases@15c43bd9]" started-at="2025-10-20T17:14:38 IST" name="testSteps" finished-at="2025-10-20T17:14:38 IST" duration-ms="0" status="PASS">
          <reporter-output>
          </reporter-output>
        </test-method> <!-- testSteps -->
        <test-method signature="tearDown()[pri:2, instance:TestCases@15c43bd9]" started-at="2025-10-20T17:14:38 IST" name="tearDown" finished-at="2025-10-20T17:14:38 IST" duration-ms="1" status="PASS">
          <reporter-output>
          </reporter-output>
        </test-method> <!-- tearDown -->
      </class> <!-- TestCases -->
    </test> <!-- MyMavenProject -->
  </suite> <!-- Default Suite -->
</testng-results>
