<?xml version="1.0" encoding="UTF-8"?>
<testng-results ignored="0" total="2" passed="2" failed="0" skipped="0">
  <reporter-output>
  </reporter-output>
  <suite started-at="2025-08-30T23:16:03 IST" name="Default Suite" finished-at="2025-08-30T23:16:06 IST" duration-ms="2240">
    <groups>
    </groups>
    <test started-at="2025-08-30T23:16:03 IST" name="MyMavenProject" finished-at="2025-08-30T23:16:06 IST" duration-ms="2240">
      <class name="APITests">
        <test-method signature="test1()[pri:0, instance:APITests@4ac3c60d]" started-at="2025-08-30T23:16:03 IST" name="test1" finished-at="2025-08-30T23:16:05 IST" duration-ms="1916" status="PASS">
          <reporter-output>
          </reporter-output>
        </test-method> <!-- test1 -->
        <test-method signature="test2()[pri:0, instance:APITests@4ac3c60d]" started-at="2025-08-30T23:16:05 IST" name="test2" finished-at="2025-08-30T23:16:06 IST" duration-ms="272" status="PASS">
          <reporter-output>
          </reporter-output>
        </test-method> <!-- test2 -->
      </class> <!-- APITests -->
    </test> <!-- MyMavenProject -->
  </suite> <!-- Default Suite -->
</testng-results>
